Running: C:\Xilinx\14.7\ISE_DS\ISE\bin\nt64\unwrapped\fuse.exe -intstyle ise -incremental -o C:/Users/Ghost/Documents/Xilinx_Workspaces/TUTORIALS/carryripple4bitaddsubtb_isim_beh.exe -prj C:/Users/Ghost/Documents/Xilinx_Workspaces/TUTORIALS/carryripple4bitaddsubtb_beh.prj work.carryripple4bitaddsubtb 
ISim P.20131013 (signature 0x7708f090)
Number of CPUs detected in this system: 8
Turning on mult-threading, number of parallel sub-compilation jobs: 16 
Determining compilation order of HDL files
Parsing VHDL file "C:/Users/Ghost/Documents/Xilinx_Workspaces/TUTORIALS/singlebitadder.vhd" into library work
Parsing VHDL file "C:/Users/Ghost/Documents/Xilinx_Workspaces/TUTORIALS/carryripple4bitaddsub.vhd" into library work
Parsing VHDL file "C:/Users/Ghost/Documents/Xilinx_Workspaces/TUTORIALS/carryripple4bitaddsubtb.vhd" into library work
Starting static elaboration
Completed static elaboration
Compiling package standard
Compiling package std_logic_1164
Compiling architecture behavioral of entity singlebitadder [singlebitadder_default]
Compiling architecture behavioral of entity carryripple4bitaddsub [carryripple4bitaddsub_default]
Compiling architecture behavior of entity carryripple4bitaddsubtb
Time Resolution for simulation is 1ps.
Waiting for 1 sub-compilation(s) to finish...
Compiled 7 VHDL Units
Built simulation executable C:/Users/Ghost/Documents/Xilinx_Workspaces/TUTORIALS/carryripple4bitaddsubtb_isim_beh.exe
Fuse Memory Usage: 28828 KB
Fuse CPU Usage: 342 ms
